TEST "task.test1" OK [63].
TEST "task.test2" OK [187].
TEST "task.test3" OK [171].
TEST "task.test4" OK [500].
TEST "task.test5" OK [328].
TEST "task.test6" OK [203].
TEST "task.test7" OK [344].
TEST "task.test8" OK [46].
TEST "task.test9" OK [234].
TEST "task.test11" OK [5234].
TEST "task.test13" OK [31].
TEST "task.test1" OK [47].
TEST "task.test2" FAILED, failures: 3, errors: 1, [159985].
+0) joram.framework.AssertionFailedError: step#4, expected:<#0.0.1026> but was:<#0.0.1027>
	at joram.framework.BaseTestCase.fail(BaseTestCase.java:596)
	at joram.framework.BaseTestCase.failNotEquals(BaseTestCase.java:608)
	at joram.framework.BaseTestCase.assertEquals(BaseTestCase.java:168)
	at task.Test2Agent.react(test2.java:114)
	at fr.dyade.aaa.agent.Engine.run(Engine.java:931)
	at java.lang.Thread.run(Thread.java:619)
+1) joram.framework.AssertionFailedError: step#4, expected:<#0.0.1026> but was:<#0.0.1027>
	at joram.framework.BaseTestCase.fail(BaseTestCase.java:596)
	at joram.framework.BaseTestCase.failNotEquals(BaseTestCase.java:608)
	at joram.framework.BaseTestCase.assertEquals(BaseTestCase.java:168)
	at task.Test2Agent.react(test2.java:120)
	at fr.dyade.aaa.agent.Engine.run(Engine.java:931)
	at java.lang.Thread.run(Thread.java:619)
+2) joram.framework.AssertionFailedError: step#4, expected:<4> but was:<5>
	at joram.framework.BaseTestCase.fail(BaseTestCase.java:596)
	at joram.framework.BaseTestCase.failNotEquals(BaseTestCase.java:608)
	at joram.framework.BaseTestCase.assertEquals(BaseTestCase.java:168)
	at joram.framework.BaseTestCase.assertEquals(BaseTestCase.java:305)
	at task.Test2Agent.react(test2.java:122)
	at fr.dyade.aaa.agent.Engine.run(Engine.java:931)
	at java.lang.Thread.run(Thread.java:619)
+0) java.lang.Exception: timeout expired
	at joram.framework.BaseTestCase.runTest(BaseTestCase.java:674)
	at task.test2.main(test2.java:39)
TEST "task.test3" OK [172].
TEST "task.test4" OK [500].
TEST "task.test5" OK [438].
TEST "task.test6" OK [156].
TEST "task.test7" OK [360].
TEST "task.test8" OK [63].
TEST "task.test9" OK [234].
TEST "task.test11" OK [5343].
TEST "task.test13" OK [31].
TEST "task.test1" FAILED, failures: 0, errors: 1, [1047].
+0) java.lang.Exception: org/objectweb/joram/mom/notifications/ExpiredNot
	at fr.dyade.aaa.agent.AgentServer.init(AgentServer.java:1194)
	at fr.dyade.aaa.agent.AgentServer.init(AgentServer.java:783)
	at joram.framework.TestCase.setUpEnv(TestCase.java:49)
	at joram.framework.BaseTestCase.runTest(BaseTestCase.java:656)
	at task.test1.main(test1.java:51)
TEST "task.test2" FAILED, failures: 0, errors: 1, [343].
+0) java.lang.Exception: org/objectweb/joram/mom/notifications/ExpiredNot
	at fr.dyade.aaa.agent.AgentServer.init(AgentServer.java:1194)
	at fr.dyade.aaa.agent.AgentServer.init(AgentServer.java:783)
	at joram.framework.TestCase.setUpEnv(TestCase.java:49)
	at joram.framework.BaseTestCase.runTest(BaseTestCase.java:656)
	at task.test2.main(test2.java:39)
TEST "task.test3" FAILED, failures: 0, errors: 1, [344].
+0) java.lang.Exception: org/objectweb/joram/mom/notifications/ExpiredNot
	at fr.dyade.aaa.agent.AgentServer.init(AgentServer.java:1194)
	at fr.dyade.aaa.agent.AgentServer.init(AgentServer.java:783)
	at joram.framework.TestCase.setUpEnv(TestCase.java:49)
	at joram.framework.BaseTestCase.runTest(BaseTestCase.java:656)
	at task.test3.main(test3.java:42)
TEST "task.test4" FAILED, failures: 0, errors: 1, [375].
+0) java.lang.Exception: org/objectweb/joram/mom/notifications/ExpiredNot
	at fr.dyade.aaa.agent.AgentServer.init(AgentServer.java:1194)
	at fr.dyade.aaa.agent.AgentServer.init(AgentServer.java:783)
	at joram.framework.TestCase.setUpEnv(TestCase.java:49)
	at joram.framework.BaseTestCase.runTest(BaseTestCase.java:656)
	at task.test4.main(test4.java:66)
TEST "task.test5" FAILED, failures: 0, errors: 1, [391].
+0) java.lang.Exception: org/objectweb/joram/mom/notifications/ExpiredNot
	at fr.dyade.aaa.agent.AgentServer.init(AgentServer.java:1194)
	at fr.dyade.aaa.agent.AgentServer.init(AgentServer.java:783)
	at joram.framework.TestCase.setUpEnv(TestCase.java:49)
	at joram.framework.BaseTestCase.runTest(BaseTestCase.java:656)
	at task.test5.main(test5.java:66)
TEST "task.test6" FAILED, failures: 0, errors: 1, [312].
+0) java.lang.Exception: org/objectweb/joram/mom/notifications/ExpiredNot
	at fr.dyade.aaa.agent.AgentServer.init(AgentServer.java:1194)
	at fr.dyade.aaa.agent.AgentServer.init(AgentServer.java:783)
	at joram.framework.TestCase.setUpEnv(TestCase.java:49)
	at joram.framework.BaseTestCase.runTest(BaseTestCase.java:656)
	at task.test6.main(test6.java:68)
TEST "task.test7" FAILED, failures: 0, errors: 1, [360].
+0) java.lang.Exception: org/objectweb/joram/mom/notifications/ExpiredNot
	at fr.dyade.aaa.agent.AgentServer.init(AgentServer.java:1194)
	at fr.dyade.aaa.agent.AgentServer.init(AgentServer.java:783)
	at joram.framework.TestCase.setUpEnv(TestCase.java:49)
	at joram.framework.BaseTestCase.runTest(BaseTestCase.java:656)
	at task.test7.main(test7.java:39)
TEST "task.test8" FAILED, failures: 0, errors: 1, [484].
+0) java.lang.Exception: org/objectweb/joram/mom/notifications/ExpiredNot
	at fr.dyade.aaa.agent.AgentServer.init(AgentServer.java:1194)
	at fr.dyade.aaa.agent.AgentServer.init(AgentServer.java:783)
	at joram.framework.TestCase.setUpEnv(TestCase.java:49)
	at joram.framework.BaseTestCase.runTest(BaseTestCase.java:656)
	at task.test8.main(test8.java:51)
TEST "task.test9" FAILED, failures: 0, errors: 1, [328].
+0) java.lang.Exception: org/objectweb/joram/mom/notifications/ExpiredNot
	at fr.dyade.aaa.agent.AgentServer.init(AgentServer.java:1194)
	at fr.dyade.aaa.agent.AgentServer.init(AgentServer.java:783)
	at joram.framework.TestCase.setUpEnv(TestCase.java:49)
	at joram.framework.BaseTestCase.runTest(BaseTestCase.java:656)
	at task.test9.main(test9.java:69)
TEST "task.test11" FAILED, failures: 0, errors: 1, [360].
+0) java.lang.Exception: org/objectweb/joram/mom/notifications/ExpiredNot
	at fr.dyade.aaa.agent.AgentServer.init(AgentServer.java:1194)
	at fr.dyade.aaa.agent.AgentServer.init(AgentServer.java:783)
	at joram.framework.TestCase.setUpEnv(TestCase.java:49)
	at joram.framework.BaseTestCase.runTest(BaseTestCase.java:656)
	at task.test11.main(test11.java:35)
TEST "task.test13" OK [32].
TEST "task.test1" FAILED, failures: 0, errors: 1, [281].
+0) java.lang.Exception: org/objectweb/joram/mom/notifications/ExpiredNot
	at fr.dyade.aaa.agent.AgentServer.init(AgentServer.java:1194)
	at fr.dyade.aaa.agent.AgentServer.init(AgentServer.java:783)
	at joram.framework.TestCase.setUpEnv(TestCase.java:49)
	at joram.framework.BaseTestCase.runTest(BaseTestCase.java:656)
	at task.test1.main(test1.java:51)
TEST "task.test2" FAILED, failures: 0, errors: 1, [297].
+0) java.lang.Exception: org/objectweb/joram/mom/notifications/ExpiredNot
	at fr.dyade.aaa.agent.AgentServer.init(AgentServer.java:1194)
	at fr.dyade.aaa.agent.AgentServer.init(AgentServer.java:783)
	at joram.framework.TestCase.setUpEnv(TestCase.java:49)
	at joram.framework.BaseTestCase.runTest(BaseTestCase.java:656)
	at task.test2.main(test2.java:39)
TEST "task.test3" FAILED, failures: 0, errors: 1, [281].
+0) java.lang.Exception: org/objectweb/joram/mom/notifications/ExpiredNot
	at fr.dyade.aaa.agent.AgentServer.init(AgentServer.java:1194)
	at fr.dyade.aaa.agent.AgentServer.init(AgentServer.java:783)
	at joram.framework.TestCase.setUpEnv(TestCase.java:49)
	at joram.framework.BaseTestCase.runTest(BaseTestCase.java:656)
	at task.test3.main(test3.java:42)
TEST "task.test4" FAILED, failures: 0, errors: 1, [360].
+0) java.lang.Exception: org/objectweb/joram/mom/notifications/ExpiredNot
	at fr.dyade.aaa.agent.AgentServer.init(AgentServer.java:1194)
	at fr.dyade.aaa.agent.AgentServer.init(AgentServer.java:783)
	at joram.framework.TestCase.setUpEnv(TestCase.java:49)
	at joram.framework.BaseTestCase.runTest(BaseTestCase.java:656)
	at task.test4.main(test4.java:66)
TEST "task.test5" FAILED, failures: 0, errors: 1, [312].
+0) java.lang.Exception: org/objectweb/joram/mom/notifications/ExpiredNot
	at fr.dyade.aaa.agent.AgentServer.init(AgentServer.java:1194)
	at fr.dyade.aaa.agent.AgentServer.init(AgentServer.java:783)
	at joram.framework.TestCase.setUpEnv(TestCase.java:49)
	at joram.framework.BaseTestCase.runTest(BaseTestCase.java:656)
	at task.test5.main(test5.java:66)
TEST "task.test6" FAILED, failures: 0, errors: 1, [265].
+0) java.lang.Exception: org/objectweb/joram/mom/notifications/ExpiredNot
	at fr.dyade.aaa.agent.AgentServer.init(AgentServer.java:1194)
	at fr.dyade.aaa.agent.AgentServer.init(AgentServer.java:783)
	at joram.framework.TestCase.setUpEnv(TestCase.java:49)
	at joram.framework.BaseTestCase.runTest(BaseTestCase.java:656)
	at task.test6.main(test6.java:68)
TEST "task.test7" FAILED, failures: 0, errors: 1, [328].
+0) java.lang.Exception: org/objectweb/joram/mom/notifications/ExpiredNot
	at fr.dyade.aaa.agent.AgentServer.init(AgentServer.java:1194)
	at fr.dyade.aaa.agent.AgentServer.init(AgentServer.java:783)
	at joram.framework.TestCase.setUpEnv(TestCase.java:49)
	at joram.framework.BaseTestCase.runTest(BaseTestCase.java:656)
	at task.test7.main(test7.java:39)
TEST "task.test8" FAILED, failures: 0, errors: 1, [297].
+0) java.lang.Exception: org/objectweb/joram/mom/notifications/ExpiredNot
	at fr.dyade.aaa.agent.AgentServer.init(AgentServer.java:1194)
	at fr.dyade.aaa.agent.AgentServer.init(AgentServer.java:783)
	at joram.framework.TestCase.setUpEnv(TestCase.java:49)
	at joram.framework.BaseTestCase.runTest(BaseTestCase.java:656)
	at task.test8.main(test8.java:51)
TEST "task.test9" FAILED, failures: 0, errors: 1, [344].
+0) java.lang.Exception: org/objectweb/joram/mom/notifications/ExpiredNot
	at fr.dyade.aaa.agent.AgentServer.init(AgentServer.java:1194)
	at fr.dyade.aaa.agent.AgentServer.init(AgentServer.java:783)
	at joram.framework.TestCase.setUpEnv(TestCase.java:49)
	at joram.framework.BaseTestCase.runTest(BaseTestCase.java:656)
	at task.test9.main(test9.java:69)
TEST "task.test11" FAILED, failures: 0, errors: 1, [312].
+0) java.lang.Exception: org/objectweb/joram/mom/notifications/ExpiredNot
	at fr.dyade.aaa.agent.AgentServer.init(AgentServer.java:1194)
	at fr.dyade.aaa.agent.AgentServer.init(AgentServer.java:783)
	at joram.framework.TestCase.setUpEnv(TestCase.java:49)
	at joram.framework.BaseTestCase.runTest(BaseTestCase.java:656)
	at task.test11.main(test11.java:35)
TEST "task.test13" OK [31].
TEST "task.test1" OK [344].
TEST "task.test2" OK [250].
TEST "task.test3" OK [172].
TEST "task.test4" OK [516].
TEST "task.test5" OK [359].
TEST "task.test6" OK [188].
TEST "task.test7" OK [360].
TEST "task.test8" OK [63].
TEST "task.test9" OK [234].
TEST "task.test11" OK [5281].
TEST "task.test13" OK [31].
TEST "task.test1" FAILED, failures: 0, errors: 1, [1109].
+0) java.lang.Exception: org/objectweb/joram/mom/notifications/ExpiredNot
	at fr.dyade.aaa.agent.AgentServer.init(AgentServer.java:1194)
	at fr.dyade.aaa.agent.AgentServer.init(AgentServer.java:783)
	at joram.framework.TestCase.setUpEnv(TestCase.java:49)
	at joram.framework.BaseTestCase.runTest(BaseTestCase.java:656)
	at task.test1.main(test1.java:51)
TEST "task.test1" OK [63].
TEST "task.test1" OK [62].
TEST "task.test2" OK [234].
TEST "task.test3" OK [172].
TEST "task.test4" OK [500].
TEST "task.test5" OK [375].
TEST "task.test6" OK [172].
TEST "task.test7" OK [437].
TEST "task.test8" OK [47].
TEST "task.test9" OK [234].
TEST "task.test11" OK [5359].
TEST "task.test13" OK [31].
TEST "task.test1" OK [140].
TEST "task.test2" OK [219].
TEST "task.test3" OK [187].
TEST "task.test4" OK [500].
TEST "task.test5" OK [360].
TEST "task.test6" OK [235].
TEST "task.test7" OK [344].
TEST "task.test8" OK [63].
TEST "task.test9" OK [281].
TEST "task.test11" OK [5391].
TEST "task.test13" OK [31].
